[2022-07-26 21:46:42:939 ] [32m[background-preinit][0;39m [34mINFO [0;39m [1;37m[org.hibernate.validator.internal.util.Version.<clinit>:[33m21[0;39m][0;39m - HV000001: Hibernate Validator 6.2.3.Final
[2022-07-26 21:46:42:939 ] [32m[main][0;39m [34mINFO [0;39m [1;37m[org.springframework.boot.StartupInfoLogger.logStarting:[33m55[0;39m][0;39m - Starting GongseekApplication using Java 11.0.14 on DESKTOP-4NMMOT6 with PID 15744 (C:\Users\dbswn\2022-gong-seek\backend\out\production\classes started by dbswn in C:\Users\dbswn\2022-gong-seek\backend)
[2022-07-26 21:46:42:944 ] [32m[main][0;39m [34mINFO [0;39m [1;37m[org.springframework.boot.SpringApplication.logStartupProfileInfo:[33m640[0;39m][0;39m - The following 3 profiles are active: "jwt", "oauth", "local"
[2022-07-26 21:46:43:1734] [32m[main][0;39m [34mINFO [0;39m [1;37m[org.springframework.data.repository.config.RepositoryConfigurationDelegate.registerRepositoriesIn:[33m132[0;39m][0;39m - Bootstrapping Spring Data JPA repositories in DEFAULT mode.
[2022-07-26 21:46:43:1813] [32m[main][0;39m [34mINFO [0;39m [1;37m[org.springframework.data.repository.config.RepositoryConfigurationDelegate.registerRepositoriesIn:[33m201[0;39m][0;39m - Finished Spring Data repository scanning in 71 ms. Found 3 JPA repository interfaces.
[2022-07-26 21:46:44:2395] [32m[main][0;39m [34mINFO [0;39m [1;37m[org.springframework.boot.web.embedded.tomcat.TomcatWebServer.initialize:[33m108[0;39m][0;39m - Tomcat initialized with port(s): 8080 (http)
[2022-07-26 21:46:44:2406] [32m[main][0;39m [34mINFO [0;39m [1;37m[org.apache.juli.logging.DirectJDKLog.log:[33m173[0;39m][0;39m - Initializing ProtocolHandler ["http-nio-8080"]
[2022-07-26 21:46:44:2406] [32m[main][0;39m [34mINFO [0;39m [1;37m[org.apache.juli.logging.DirectJDKLog.log:[33m173[0;39m][0;39m - Starting service [Tomcat]
[2022-07-26 21:46:44:2407] [32m[main][0;39m [34mINFO [0;39m [1;37m[org.apache.juli.logging.DirectJDKLog.log:[33m173[0;39m][0;39m - Starting Servlet engine: [Apache Tomcat/9.0.64]
[2022-07-26 21:46:44:2554] [32m[main][0;39m [34mINFO [0;39m [1;37m[org.apache.juli.logging.DirectJDKLog.log:[33m173[0;39m][0;39m - Initializing Spring embedded WebApplicationContext
[2022-07-26 21:46:44:2555] [32m[main][0;39m [34mINFO [0;39m [1;37m[org.springframework.boot.web.servlet.context.ServletWebServerApplicationContext.prepareWebApplicationContext:[33m292[0;39m][0;39m - Root WebApplicationContext: initialization completed in 1561 ms
[2022-07-26 21:46:44:2588] [32m[main][0;39m [34mINFO [0;39m [1;37m[com.zaxxer.hikari.HikariDataSource.getConnection:[33m110[0;39m][0;39m - HikariPool-1 - Starting...
[2022-07-26 21:46:44:2732] [32m[main][0;39m [34mINFO [0;39m [1;37m[com.zaxxer.hikari.HikariDataSource.getConnection:[33m123[0;39m][0;39m - HikariPool-1 - Start completed.
[2022-07-26 21:46:44:2748] [32m[main][0;39m [34mINFO [0;39m [1;37m[org.springframework.boot.autoconfigure.h2.H2ConsoleAutoConfiguration.logDataSources:[33m87[0;39m][0;39m - H2 console available at '/h2-console'. Database available at 'jdbc:h2:mem:test'
[2022-07-26 21:46:44:2871] [32m[main][0;39m [34mINFO [0;39m [1;37m[org.hibernate.jpa.internal.util.LogHelper.logPersistenceUnitInformation:[33m31[0;39m][0;39m - HHH000204: Processing PersistenceUnitInfo [name: default]
[2022-07-26 21:46:44:2919] [32m[main][0;39m [34mINFO [0;39m [1;37m[org.hibernate.Version.logVersion:[33m44[0;39m][0;39m - HHH000412: Hibernate ORM core version 5.6.9.Final
[2022-07-26 21:46:45:3072] [32m[main][0;39m [34mINFO [0;39m [1;37m[org.hibernate.annotations.common.reflection.java.JavaReflectionManager.<clinit>:[33m56[0;39m][0;39m - HCANN000001: Hibernate Commons Annotations {5.1.2.Final}
[2022-07-26 21:46:45:3179] [32m[main][0;39m [34mINFO [0;39m [1;37m[org.hibernate.dialect.Dialect.<init>:[33m175[0;39m][0;39m - HHH000400: Using dialect: org.hibernate.dialect.MySQL57Dialect
[2022-07-26 21:46:45:3930] [32m[main][0;39m [34mINFO [0;39m [1;37m[org.hibernate.engine.transaction.jta.platform.internal.JtaPlatformInitiator.initiateService:[33m52[0;39m][0;39m - HHH000490: Using JtaPlatform implementation: [org.hibernate.engine.transaction.jta.platform.internal.NoJtaPlatform]
[2022-07-26 21:46:45:3941] [32m[main][0;39m [34mINFO [0;39m [1;37m[org.springframework.orm.jpa.AbstractEntityManagerFactoryBean.buildNativeEntityManagerFactory:[33m437[0;39m][0;39m - Initialized JPA EntityManagerFactory for persistence unit 'default'
[2022-07-26 21:46:46:4866] [32m[main][0;39m [34mINFO [0;39m [1;37m[org.apache.juli.logging.DirectJDKLog.log:[33m173[0;39m][0;39m - Starting ProtocolHandler ["http-nio-8080"]
[2022-07-26 21:46:46:4890] [32m[main][0;39m [34mINFO [0;39m [1;37m[org.springframework.boot.web.embedded.tomcat.TomcatWebServer.start:[33m220[0;39m][0;39m - Tomcat started on port(s): 8080 (http) with context path ''
[2022-07-26 21:46:46:4903] [32m[main][0;39m [34mINFO [0;39m [1;37m[org.springframework.boot.StartupInfoLogger.logStarted:[33m61[0;39m][0;39m - Started GongseekApplication in 4.672 seconds (JVM running for 6.685)
[2022-07-26 21:48:15:93999] [32m[SpringApplicationShutdownHook][0;39m [34mINFO [0;39m [1;37m[org.springframework.orm.jpa.AbstractEntityManagerFactoryBean.destroy:[33m651[0;39m][0;39m - Closing JPA EntityManagerFactory for persistence unit 'default'
[2022-07-26 21:48:15:94001] [32m[SpringApplicationShutdownHook][0;39m [34mINFO [0;39m [1;37m[com.zaxxer.hikari.HikariDataSource.close:[33m350[0;39m][0;39m - HikariPool-1 - Shutdown initiated...
[2022-07-26 21:48:15:94007] [32m[SpringApplicationShutdownHook][0;39m [34mINFO [0;39m [1;37m[com.zaxxer.hikari.HikariDataSource.close:[33m352[0;39m][0;39m - HikariPool-1 - Shutdown completed.
[2022-07-26 21:48:21:1062] [32m[background-preinit][0;39m [34mINFO [0;39m [1;37m[org.hibernate.validator.internal.util.Version.<clinit>:[33m21[0;39m][0;39m - HV000001: Hibernate Validator 6.2.3.Final
[2022-07-26 21:48:21:1062] [32m[main][0;39m [34mINFO [0;39m [1;37m[org.springframework.boot.StartupInfoLogger.logStarting:[33m55[0;39m][0;39m - Starting GongseekApplication using Java 11.0.14 on DESKTOP-4NMMOT6 with PID 22080 (C:\Users\dbswn\2022-gong-seek\backend\out\production\classes started by dbswn in C:\Users\dbswn\2022-gong-seek\backend)
[2022-07-26 21:48:21:1069] [32m[main][0;39m [34mINFO [0;39m [1;37m[org.springframework.boot.SpringApplication.logStartupProfileInfo:[33m640[0;39m][0;39m - The following 3 profiles are active: "jwt", "oauth", "local"
[2022-07-26 21:48:22:1852] [32m[main][0;39m [34mINFO [0;39m [1;37m[org.springframework.data.repository.config.RepositoryConfigurationDelegate.registerRepositoriesIn:[33m132[0;39m][0;39m - Bootstrapping Spring Data JPA repositories in DEFAULT mode.
[2022-07-26 21:48:22:1931] [32m[main][0;39m [34mINFO [0;39m [1;37m[org.springframework.data.repository.config.RepositoryConfigurationDelegate.registerRepositoriesIn:[33m201[0;39m][0;39m - Finished Spring Data repository scanning in 70 ms. Found 3 JPA repository interfaces.
[2022-07-26 21:48:23:2550] [32m[main][0;39m [34mINFO [0;39m [1;37m[org.springframework.boot.web.embedded.tomcat.TomcatWebServer.initialize:[33m108[0;39m][0;39m - Tomcat initialized with port(s): 8080 (http)
[2022-07-26 21:48:23:2563] [32m[main][0;39m [34mINFO [0;39m [1;37m[org.apache.juli.logging.DirectJDKLog.log:[33m173[0;39m][0;39m - Initializing ProtocolHandler ["http-nio-8080"]
[2022-07-26 21:48:23:2563] [32m[main][0;39m [34mINFO [0;39m [1;37m[org.apache.juli.logging.DirectJDKLog.log:[33m173[0;39m][0;39m - Starting service [Tomcat]
[2022-07-26 21:48:23:2564] [32m[main][0;39m [34mINFO [0;39m [1;37m[org.apache.juli.logging.DirectJDKLog.log:[33m173[0;39m][0;39m - Starting Servlet engine: [Apache Tomcat/9.0.64]
[2022-07-26 21:48:23:2725] [32m[main][0;39m [34mINFO [0;39m [1;37m[org.apache.juli.logging.DirectJDKLog.log:[33m173[0;39m][0;39m - Initializing Spring embedded WebApplicationContext
[2022-07-26 21:48:23:2725] [32m[main][0;39m [34mINFO [0;39m [1;37m[org.springframework.boot.web.servlet.context.ServletWebServerApplicationContext.prepareWebApplicationContext:[33m292[0;39m][0;39m - Root WebApplicationContext: initialization completed in 1608 ms
[2022-07-26 21:48:23:2762] [32m[main][0;39m [34mINFO [0;39m [1;37m[com.zaxxer.hikari.HikariDataSource.getConnection:[33m110[0;39m][0;39m - HikariPool-1 - Starting...
[2022-07-26 21:48:23:2905] [32m[main][0;39m [34mINFO [0;39m [1;37m[com.zaxxer.hikari.HikariDataSource.getConnection:[33m123[0;39m][0;39m - HikariPool-1 - Start completed.
[2022-07-26 21:48:23:2919] [32m[main][0;39m [34mINFO [0;39m [1;37m[org.springframework.boot.autoconfigure.h2.H2ConsoleAutoConfiguration.logDataSources:[33m87[0;39m][0;39m - H2 console available at '/h2-console'. Database available at 'jdbc:h2:mem:test'
[2022-07-26 21:48:23:3045] [32m[main][0;39m [34mINFO [0;39m [1;37m[org.hibernate.jpa.internal.util.LogHelper.logPersistenceUnitInformation:[33m31[0;39m][0;39m - HHH000204: Processing PersistenceUnitInfo [name: default]
[2022-07-26 21:48:23:3096] [32m[main][0;39m [34mINFO [0;39m [1;37m[org.hibernate.Version.logVersion:[33m44[0;39m][0;39m - HHH000412: Hibernate ORM core version 5.6.9.Final
[2022-07-26 21:48:23:3254] [32m[main][0;39m [34mINFO [0;39m [1;37m[org.hibernate.annotations.common.reflection.java.JavaReflectionManager.<clinit>:[33m56[0;39m][0;39m - HCANN000001: Hibernate Commons Annotations {5.1.2.Final}
[2022-07-26 21:48:24:3370] [32m[main][0;39m [34mINFO [0;39m [1;37m[org.hibernate.dialect.Dialect.<init>:[33m175[0;39m][0;39m - HHH000400: Using dialect: org.hibernate.dialect.MySQL57Dialect
[2022-07-26 21:48:24:4164] [32m[main][0;39m [34mINFO [0;39m [1;37m[org.hibernate.engine.transaction.jta.platform.internal.JtaPlatformInitiator.initiateService:[33m52[0;39m][0;39m - HHH000490: Using JtaPlatform implementation: [org.hibernate.engine.transaction.jta.platform.internal.NoJtaPlatform]
[2022-07-26 21:48:24:4173] [32m[main][0;39m [34mINFO [0;39m [1;37m[org.springframework.orm.jpa.AbstractEntityManagerFactoryBean.buildNativeEntityManagerFactory:[33m437[0;39m][0;39m - Initialized JPA EntityManagerFactory for persistence unit 'default'
[2022-07-26 21:48:25:5085] [32m[main][0;39m [34mINFO [0;39m [1;37m[org.apache.juli.logging.DirectJDKLog.log:[33m173[0;39m][0;39m - Starting ProtocolHandler ["http-nio-8080"]
[2022-07-26 21:48:25:5108] [32m[main][0;39m [34mINFO [0;39m [1;37m[org.springframework.boot.web.embedded.tomcat.TomcatWebServer.start:[33m220[0;39m][0;39m - Tomcat started on port(s): 8080 (http) with context path ''
[2022-07-26 21:48:25:5122] [32m[main][0;39m [34mINFO [0;39m [1;37m[org.springframework.boot.StartupInfoLogger.logStarted:[33m61[0;39m][0;39m - Started GongseekApplication in 4.912 seconds (JVM running for 7.066)
[2022-07-26 21:51:36:195581] [32m[SpringApplicationShutdownHook][0;39m [34mINFO [0;39m [1;37m[org.springframework.orm.jpa.AbstractEntityManagerFactoryBean.destroy:[33m651[0;39m][0;39m - Closing JPA EntityManagerFactory for persistence unit 'default'
[2022-07-26 21:51:36:195583] [32m[SpringApplicationShutdownHook][0;39m [34mINFO [0;39m [1;37m[com.zaxxer.hikari.HikariDataSource.close:[33m350[0;39m][0;39m - HikariPool-1 - Shutdown initiated...
[2022-07-26 21:51:36:195589] [32m[SpringApplicationShutdownHook][0;39m [34mINFO [0;39m [1;37m[com.zaxxer.hikari.HikariDataSource.close:[33m352[0;39m][0;39m - HikariPool-1 - Shutdown completed.
[2022-07-26 21:51:41:946 ] [32m[background-preinit][0;39m%highlight(INFO [2022-07-26 21:51:41:945 ] [32m[main][0;39m%highlight(INFO [2022-07-26 21:51:41:950 ] [32m[main][0;39m%highlight(INFO [2022-07-26 21:51:42:1743] [32m[main][0;39m%highlight(INFO [2022-07-26 21:51:42:1833] [32m[main][0;39m%highlight(INFO [2022-07-26 21:51:43:2512] [32m[main][0;39m%highlight(INFO [2022-07-26 21:51:43:2522] [32m[main][0;39m%highlight(INFO [2022-07-26 21:51:43:2523] [32m[main][0;39m%highlight(INFO [2022-07-26 21:51:43:2524] [32m[main][0;39m%highlight(INFO [2022-07-26 21:51:43:2668] [32m[main][0;39m%highlight(INFO [2022-07-26 21:51:43:2669] [32m[main][0;39m%highlight(INFO [2022-07-26 21:51:43:2699] [32m[main][0;39m%highlight(INFO [2022-07-26 21:51:43:2849] [32m[main][0;39m%highlight(INFO [2022-07-26 21:51:43:2864] [32m[main][0;39m%highlight(INFO [2022-07-26 21:51:43:3004] [32m[main][0;39m%highlight(INFO [2022-07-26 21:51:43:3060] [32m[main][0;39m%highlight(INFO [2022-07-26 21:51:44:3237] [32m[main][0;39m%highlight(INFO [2022-07-26 21:51:44:3378] [32m[main][0;39m%highlight(INFO [2022-07-26 21:51:44:4197] [32m[main][0;39m%highlight(INFO [2022-07-26 21:51:45:4208] [32m[main][0;39m%highlight(INFO [2022-07-26 21:51:46:5225] [32m[main][0;39m%highlight(INFO [2022-07-26 21:51:46:5251] [32m[main][0;39m%highlight(INFO [2022-07-26 21:51:46:5267] [32m[main][0;39m%highlight(INFO [2022-07-26 21:59:04:443803] [32m[http-nio-8080-exec-1][0;39m%highlight(INFO [2022-07-26 21:59:04:443803] [32m[http-nio-8080-exec-1][0;39m%highlight(INFO [2022-07-26 21:59:04:443804] [32m[http-nio-8080-exec-1][0;39m%highlight(INFO [2022-07-26 22:01:50:609923] [32m[SpringApplicationShutdownHook][0;39m%highlight(INFO [2022-07-26 22:01:50:609926] [32m[SpringApplicationShutdownHook][0;39m%highlight(INFO [2022-07-26 22:01:50:609932] [32m[SpringApplicationShutdownHook][0;39m%highlight(INFO 